<?xml version="1.0" encoding="UTF-8"?>
<testng-results ignored="0" total="1" passed="1" failed="0" skipped="0">
  <reporter-output>
  </reporter-output>
  <suite started-at="2024-10-29T22:50:34 IST" name="Default suite" finished-at="2024-10-29T22:50:42 IST" duration-ms="8369">
    <groups>
    </groups>
    <test started-at="2024-10-29T22:50:34 IST" name="Default test" finished-at="2024-10-29T22:50:42 IST" duration-ms="8369">
      <class name="com.comcast.contact.createContact">
        <test-method is-config="true" signature="configBS()[pri:0, instance:com.comcast.contact.createContact@327514f]" started-at="2024-10-29T22:50:33 IST" name="configBS" finished-at="2024-10-29T22:50:34 IST" duration-ms="15" status="PASS">
          <reporter-output>
          </reporter-output>
        </test-method> <!-- configBS -->
        <test-method is-config="true" signature="configBC()[pri:0, instance:com.comcast.contact.createContact@327514f]" started-at="2024-10-29T22:50:34 IST" name="configBC" finished-at="2024-10-29T22:50:35 IST" duration-ms="1395" status="PASS">
          <reporter-output>
          </reporter-output>
        </test-method> <!-- configBC -->
        <test-method is-config="true" signature="configBM()[pri:0, instance:com.comcast.contact.createContact@327514f]" started-at="2024-10-29T22:50:35 IST" name="configBM" finished-at="2024-10-29T22:50:41 IST" duration-ms="6251" status="PASS">
          <reporter-output>
          </reporter-output>
        </test-method> <!-- configBM -->
        <test-method signature="createcontact()[pri:0, instance:com.comcast.contact.createContact@327514f]" started-at="2024-10-29T22:50:41 IST" name="createcontact" finished-at="2024-10-29T22:50:41 IST" duration-ms="9" status="PASS">
          <reporter-output>
          </reporter-output>
        </test-method> <!-- createcontact -->
        <test-method is-config="true" signature="configAM()[pri:0, instance:com.comcast.contact.createContact@327514f]" started-at="2024-10-29T22:50:41 IST" name="configAM" finished-at="2024-10-29T22:50:42 IST" duration-ms="511" status="PASS">
          <reporter-output>
          </reporter-output>
        </test-method> <!-- configAM -->
        <test-method is-config="true" signature="configAc()[pri:0, instance:com.comcast.contact.createContact@327514f]" started-at="2024-10-29T22:50:42 IST" name="configAc" finished-at="2024-10-29T22:50:42 IST" duration-ms="166" status="PASS">
          <reporter-output>
          </reporter-output>
        </test-method> <!-- configAc -->
        <test-method is-config="true" signature="configAs()[pri:0, instance:com.comcast.contact.createContact@327514f]" started-at="2024-10-29T22:50:42 IST" name="configAs" finished-at="2024-10-29T22:50:42 IST" duration-ms="0" status="PASS">
          <reporter-output>
          </reporter-output>
        </test-method> <!-- configAs -->
      </class> <!-- com.comcast.contact.createContact -->
    </test> <!-- Default test -->
  </suite> <!-- Default suite -->
</testng-results>
